[
  {
    "level": "INFO",
    "message": "android.ndkVersion from module build.gradle is not set"
  },
  {
    "level": "INFO",
    "message": "ndk.dir in local.properties is /Users/rightpill-2016/Dev/Sdks/android-ndk-r21b"
  },
  {
    "level": "INFO",
    "message": "ANDROID_NDK_HOME environment variable is not set"
  },
  {
    "level": "INFO",
    "message": "sdkFolder is /Users/rightpill-2016/Dev/AndroidSDK"
  },
  {
    "level": "INFO",
    "message": "Considering /Users/rightpill-2016/Dev/Sdks/android-ndk-r21b by ndk.dir"
  },
  {
    "level": "INFO",
    "message": "Considering /Users/rightpill-2016/Dev/AndroidSDK/ndk-bundle in SDK ndk-bundle folder"
  },
  {
    "level": "INFO",
    "message": "Considering /Users/rightpill-2016/Dev/AndroidSDK/ndk/21.4.7075529 in SDK ndk folder"
  },
  {
    "level": "INFO",
    "message": "Considering /Users/rightpill-2016/Dev/AndroidSDK/ndk/25.1.8937393 in SDK ndk folder"
  },
  {
    "level": "INFO",
    "message": "Found requested ndk.dir (/Users/rightpill-2016/Dev/Sdks/android-ndk-r21b) which has version 21.1.6352462"
  }
]