[
  {
    "level": "INFO",
    "message": "android.ndkVersion from module build.gradle is [not set]",
    "diagnosticCode": "UNKNOWN"
  },
  {
    "level": "INFO",
    "message": "android.ndkPath from module build.gradle is not set",
    "diagnosticCode": "UNKNOWN"
  },
  {
    "level": "INFO",
    "message": "ndk.dir in local.properties is /Users/rightpill-2016/Dev/Sdks/android-ndk-r21b",
    "diagnosticCode": "UNKNOWN"
  },
  {
    "level": "INFO",
    "message": "Not considering ANDROID_NDK_HOME because support was removed after deprecation period.",
    "diagnosticCode": "UNKNOWN"
  },
  {
    "level": "INFO",
    "message": "sdkFolder is /Users/rightpill-2016/Dev/AndroidSDK",
    "diagnosticCode": "UNKNOWN"
  },
  {
    "level": "INFO",
    "message": "Because no explicit NDK was requested, the default version [21.4.7075529] for this Android Gradle Plugin will be used",
    "diagnosticCode": "UNKNOWN"
  },
  {
    "level": "INFO",
    "message": "Checking whether deleting ndk.dir and setting android.ndkVersion to [21.1.6352462] would result in the same NDK",
    "diagnosticCode": "UNKNOWN"
  },
  {
    "level": "INFO",
    "message": "android.ndkVersion from module build.gradle is [21.1.6352462]",
    "tag": "ndk.dir delete check",
    "diagnosticCode": "UNKNOWN"
  },
  {
    "level": "INFO",
    "message": "android.ndkPath from module build.gradle is not set",
    "tag": "ndk.dir delete check",
    "diagnosticCode": "UNKNOWN"
  },
  {
    "level": "INFO",
    "message": "ndk.dir in local.properties is not set",
    "tag": "ndk.dir delete check",
    "diagnosticCode": "UNKNOWN"
  },
  {
    "level": "INFO",
    "message": "Not considering ANDROID_NDK_HOME because support was removed after deprecation period.",
    "tag": "ndk.dir delete check",
    "diagnosticCode": "UNKNOWN"
  },
  {
    "level": "INFO",
    "message": "sdkFolder is /Users/rightpill-2016/Dev/AndroidSDK",
    "tag": "ndk.dir delete check",
    "diagnosticCode": "UNKNOWN"
  },
  {
    "level": "INFO",
    "message": "Folder /Users/rightpill-2016/Dev/AndroidSDK/ndk/21.1.6352462 does not exist. Ignoring.",
    "tag": "ndk.dir delete check",
    "diagnosticCode": "UNKNOWN"
  },
  {
    "level": "INFO",
    "message": "Deleting ndk.dir and setting android.ndkVersion to [21.1.6352462] would *not* result in the same NDK.",
    "tag": "ndk.dir delete check",
    "diagnosticCode": "UNKNOWN"
  },
  {
    "level": "WARN",
    "message": "NDK was located by using ndk.dir property. This method is deprecated and will be removed in a future release. Please use android.ndkVersion or android.ndkPath in build.gradle to specify the NDK to use. https://developer.android.com/r/studio-ui/ndk-dir",
    "diagnosticCode": "UNKNOWN"
  }
]